Loaded dependency [numpy/1.23.3-python-3.10.7-openblas-0.3.21]: openblas/0.3.21
Loaded dependency [python3/3.10.7]: gcc/11.3.0-binutils-2.38
Loaded dependency [numpy/1.23.3-python-3.10.7-openblas-0.3.21]: python3/3.10.7
Loaded dependency [pandas/1.4.4-python-3.10.7]: numpy/1.23.3-python-3.10.7-openblas-0.3.21
Loaded module: pandas/1.4.4-python-3.10.7

Loading pandas/1.4.4-python-3.10.7
  Loading requirement: openblas/0.3.21 gcc/11.3.0-binutils-2.38 python3/3.10.7
    numpy/1.23.3-python-3.10.7-openblas-0.3.21
Loaded module: matplotlib/3.6.0-numpy-1.23.3-python-3.10.7
Loaded module: cuda/11.6
Global seed set to 42
GPU available: True (cuda), used: True
TPU available: False, using: 0 TPU cores
IPU available: False, using: 0 IPUs
HPU available: False, using: 0 HPUs
Preprocessing /dtu/blackhole/11/155505/NST_dataset/dataset/train:   0%|          | 0/2545 [00:00<?, ?it/s]Preprocessing /dtu/blackhole/11/155505/NST_dataset/dataset/train:   8%|▊         | 216/2545 [00:00<00:01, 2155.62it/s]Preprocessing /dtu/blackhole/11/155505/NST_dataset/dataset/train:  17%|█▋        | 432/2545 [00:00<00:01, 2044.42it/s]Preprocessing /dtu/blackhole/11/155505/NST_dataset/dataset/train:  25%|██▌       | 637/2545 [00:00<00:00, 1992.97it/s]Preprocessing /dtu/blackhole/11/155505/NST_dataset/dataset/train:  33%|███▎      | 852/2545 [00:00<00:00, 2045.69it/s]Preprocessing /dtu/blackhole/11/155505/NST_dataset/dataset/train:  42%|████▏     | 1057/2545 [00:00<00:00, 2045.36it/s]Preprocessing /dtu/blackhole/11/155505/NST_dataset/dataset/train:  51%|█████     | 1287/2545 [00:00<00:00, 2128.95it/s]Preprocessing /dtu/blackhole/11/155505/NST_dataset/dataset/train:  59%|█████▉    | 1504/2545 [00:00<00:00, 2142.00it/s]Preprocessing /dtu/blackhole/11/155505/NST_dataset/dataset/train:  68%|██████▊   | 1719/2545 [00:00<00:00, 2114.58it/s]Preprocessing /dtu/blackhole/11/155505/NST_dataset/dataset/train:  76%|███████▌  | 1931/2545 [00:00<00:00, 2093.04it/s]Preprocessing /dtu/blackhole/11/155505/NST_dataset/dataset/train:  84%|████████▍ | 2141/2545 [00:01<00:00, 2075.30it/s]Preprocessing /dtu/blackhole/11/155505/NST_dataset/dataset/train:  92%|█████████▏| 2351/2545 [00:01<00:00, 2081.42it/s]Preprocessing /dtu/blackhole/11/155505/NST_dataset/dataset/train: 100%|██████████| 2545/2545 [00:01<00:00, 2081.54it/s]
Preprocessing /dtu/blackhole/11/155505/NST_dataset/dataset/train:   0%|          | 0/22909 [00:00<?, ?it/s]Preprocessing /dtu/blackhole/11/155505/NST_dataset/dataset/train:   1%|          | 235/22909 [00:00<00:09, 2349.07it/s]Preprocessing /dtu/blackhole/11/155505/NST_dataset/dataset/train:   2%|▏         | 485/22909 [00:00<00:09, 2431.87it/s]Preprocessing /dtu/blackhole/11/155505/NST_dataset/dataset/train:   3%|▎         | 729/22909 [00:00<00:09, 2404.63it/s]Preprocessing /dtu/blackhole/11/155505/NST_dataset/dataset/train:   4%|▍         | 972/22909 [00:00<00:09, 2411.92it/s]Preprocessing /dtu/blackhole/11/155505/NST_dataset/dataset/train:   5%|▌         | 1214/22909 [00:00<00:09, 2384.36it/s]Preprocessing /dtu/blackhole/11/155505/NST_dataset/dataset/train:   6%|▋         | 1453/22909 [00:00<00:09, 2349.50it/s]Preprocessing /dtu/blackhole/11/155505/NST_dataset/dataset/train:   7%|▋         | 1689/22909 [00:00<00:09, 2332.43it/s]Preprocessing /dtu/blackhole/11/155505/NST_dataset/dataset/train:   8%|▊         | 1923/22909 [00:00<00:09, 2319.61it/s]Preprocessing /dtu/blackhole/11/155505/NST_dataset/dataset/train:   9%|▉         | 2155/22909 [00:00<00:09, 2301.13it/s]Preprocessing /dtu/blackhole/11/155505/NST_dataset/dataset/train:  10%|█         | 2386/22909 [00:01<00:09, 2279.34it/s]Preprocessing /dtu/blackhole/11/155505/NST_dataset/dataset/train:  11%|█▏        | 2614/22909 [00:01<00:08, 2266.03it/s]Preprocessing /dtu/blackhole/11/155505/NST_dataset/dataset/train:  12%|█▏        | 2845/22909 [00:01<00:08, 2276.84it/s]Preprocessing /dtu/blackhole/11/155505/NST_dataset/dataset/train:  13%|█▎        | 3073/22909 [00:01<00:08, 2269.59it/s]Preprocessing /dtu/blackhole/11/155505/NST_dataset/dataset/train:  14%|█▍        | 3319/22909 [00:01<00:08, 2324.35it/s]Preprocessing /dtu/blackhole/11/155505/NST_dataset/dataset/train:  16%|█▌        | 3552/22909 [00:01<00:08, 2291.18it/s]Preprocessing /dtu/blackhole/11/155505/NST_dataset/dataset/train:  17%|█▋        | 3785/22909 [00:01<00:08, 2301.05it/s]Preprocessing /dtu/blackhole/11/155505/NST_dataset/dataset/train:  18%|█▊        | 4030/22909 [00:01<00:08, 2344.78it/s]Preprocessing /dtu/blackhole/11/155505/NST_dataset/dataset/train:  19%|█▊        | 4267/22909 [00:01<00:07, 2350.10it/s]Preprocessing /dtu/blackhole/11/155505/NST_dataset/dataset/train:  20%|█▉        | 4503/22909 [00:01<00:07, 2348.36it/s]Preprocessing /dtu/blackhole/11/155505/NST_dataset/dataset/train:  21%|██        | 4746/22909 [00:02<00:07, 2370.81it/s]Preprocessing /dtu/blackhole/11/155505/NST_dataset/dataset/train:  22%|██▏       | 4984/22909 [00:02<00:07, 2335.28it/s]Preprocessing /dtu/blackhole/11/155505/NST_dataset/dataset/train:  23%|██▎       | 5218/22909 [00:02<00:07, 2335.61it/s]Preprocessing /dtu/blackhole/11/155505/NST_dataset/dataset/train:  24%|██▍       | 5452/22909 [00:02<00:07, 2330.38it/s]Preprocessing /dtu/blackhole/11/155505/NST_dataset/dataset/train:  25%|██▍       | 5698/22909 [00:02<00:07, 2366.55it/s]Preprocessing /dtu/blackhole/11/155505/NST_dataset/dataset/train:  26%|██▌       | 5935/22909 [00:02<00:07, 2360.54it/s]Preprocessing /dtu/blackhole/11/155505/NST_dataset/dataset/train:  27%|██▋       | 6172/22909 [00:02<00:07, 2312.32it/s]Preprocessing /dtu/blackhole/11/155505/NST_dataset/dataset/train:  28%|██▊       | 6404/22909 [00:02<00:07, 2270.94it/s]Preprocessing /dtu/blackhole/11/155505/NST_dataset/dataset/train:  29%|██▉       | 6632/22909 [00:02<00:07, 2270.76it/s]Preprocessing /dtu/blackhole/11/155505/NST_dataset/dataset/train:  30%|███       | 6873/22909 [00:02<00:06, 2311.19it/s]Preprocessing /dtu/blackhole/11/155505/NST_dataset/dataset/train:  31%|███       | 7106/22909 [00:03<00:06, 2315.70it/s]Preprocessing /dtu/blackhole/11/155505/NST_dataset/dataset/train:  32%|███▏      | 7338/22909 [00:03<00:06, 2298.24it/s]Preprocessing /dtu/blackhole/11/155505/NST_dataset/dataset/train:  33%|███▎      | 7568/22909 [00:03<00:06, 2270.65it/s]Preprocessing /dtu/blackhole/11/155505/NST_dataset/dataset/train:  34%|███▍      | 7800/22909 [00:03<00:06, 2284.27it/s]Preprocessing /dtu/blackhole/11/155505/NST_dataset/dataset/train:  35%|███▌      | 8029/22909 [00:03<00:06, 2281.51it/s]Preprocessing /dtu/blackhole/11/155505/NST_dataset/dataset/train:  36%|███▌      | 8258/22909 [00:03<00:06, 2283.04it/s]Preprocessing /dtu/blackhole/11/155505/NST_dataset/dataset/train:  37%|███▋      | 8487/22909 [00:03<00:06, 2283.66it/s]Preprocessing /dtu/blackhole/11/155505/NST_dataset/dataset/train:  38%|███▊      | 8721/22909 [00:03<00:06, 2297.91it/s]Preprocessing /dtu/blackhole/11/155505/NST_dataset/dataset/train:  39%|███▉      | 8951/22909 [00:03<00:06, 2239.17it/s]Preprocessing /dtu/blackhole/11/155505/NST_dataset/dataset/train:  40%|████      | 9180/22909 [00:03<00:06, 2253.69it/s]Preprocessing /dtu/blackhole/11/155505/NST_dataset/dataset/train:  41%|████      | 9406/22909 [00:04<00:06, 2240.10it/s]Preprocessing /dtu/blackhole/11/155505/NST_dataset/dataset/train:  42%|████▏     | 9638/22909 [00:04<00:05, 2262.11it/s]Preprocessing /dtu/blackhole/11/155505/NST_dataset/dataset/train:  43%|████▎     | 9878/22909 [00:04<00:05, 2302.68it/s]Preprocessing /dtu/blackhole/11/155505/NST_dataset/dataset/train:  44%|████▍     | 10109/22909 [00:04<00:05, 2292.58it/s]Preprocessing /dtu/blackhole/11/155505/NST_dataset/dataset/train:  45%|████▌     | 10342/22909 [00:04<00:05, 2300.29it/s]Preprocessing /dtu/blackhole/11/155505/NST_dataset/dataset/train:  46%|████▌     | 10573/22909 [00:04<00:05, 2238.43it/s]Preprocessing /dtu/blackhole/11/155505/NST_dataset/dataset/train:  47%|████▋     | 10800/22909 [00:04<00:05, 2245.70it/s]Preprocessing /dtu/blackhole/11/155505/NST_dataset/dataset/train:  48%|████▊     | 11034/22909 [00:04<00:05, 2271.54it/s]Preprocessing /dtu/blackhole/11/155505/NST_dataset/dataset/train:  49%|████▉     | 11262/22909 [00:04<00:05, 2256.32it/s]Preprocessing /dtu/blackhole/11/155505/NST_dataset/dataset/train:  50%|█████     | 11488/22909 [00:04<00:05, 2241.00it/s]Preprocessing /dtu/blackhole/11/155505/NST_dataset/dataset/train:  51%|█████     | 11715/22909 [00:05<00:04, 2248.04it/s]Preprocessing /dtu/blackhole/11/155505/NST_dataset/dataset/train:  52%|█████▏    | 11950/22909 [00:05<00:04, 2276.59it/s]Preprocessing /dtu/blackhole/11/155505/NST_dataset/dataset/train:  53%|█████▎    | 12178/22909 [00:05<00:04, 2242.15it/s]Preprocessing /dtu/blackhole/11/155505/NST_dataset/dataset/train:  54%|█████▍    | 12413/22909 [00:05<00:04, 2273.17it/s]Preprocessing /dtu/blackhole/11/155505/NST_dataset/dataset/train:  55%|█████▌    | 12650/22909 [00:05<00:04, 2301.06it/s]Preprocessing /dtu/blackhole/11/155505/NST_dataset/dataset/train:  56%|█████▌    | 12881/22909 [00:05<00:04, 2241.18it/s]Preprocessing /dtu/blackhole/11/155505/NST_dataset/dataset/train:  57%|█████▋    | 13106/22909 [00:05<00:04, 2207.82it/s]Preprocessing /dtu/blackhole/11/155505/NST_dataset/dataset/train:  58%|█████▊    | 13333/22909 [00:05<00:04, 2225.79it/s]Preprocessing /dtu/blackhole/11/155505/NST_dataset/dataset/train:  59%|█████▉    | 13556/22909 [00:05<00:04, 2183.27it/s]Preprocessing /dtu/blackhole/11/155505/NST_dataset/dataset/train:  60%|██████    | 13783/22909 [00:06<00:04, 2206.95it/s]Preprocessing /dtu/blackhole/11/155505/NST_dataset/dataset/train:  61%|██████    | 14004/22909 [00:06<00:04, 2190.25it/s]Preprocessing /dtu/blackhole/11/155505/NST_dataset/dataset/train:  62%|██████▏   | 14228/22909 [00:06<00:03, 2202.10it/s]Preprocessing /dtu/blackhole/11/155505/NST_dataset/dataset/train:  63%|██████▎   | 14468/22909 [00:06<00:03, 2258.10it/s]Preprocessing /dtu/blackhole/11/155505/NST_dataset/dataset/train:  64%|██████▍   | 14700/22909 [00:06<00:03, 2273.14it/s]Preprocessing /dtu/blackhole/11/155505/NST_dataset/dataset/train:  65%|██████▌   | 14933/22909 [00:06<00:03, 2286.99it/s]Preprocessing /dtu/blackhole/11/155505/NST_dataset/dataset/train:  66%|██████▌   | 15162/22909 [00:06<00:03, 2224.79it/s]Preprocessing /dtu/blackhole/11/155505/NST_dataset/dataset/train:  67%|██████▋   | 15399/22909 [00:06<00:03, 2266.12it/s]Preprocessing /dtu/blackhole/11/155505/NST_dataset/dataset/train:  68%|██████▊   | 15641/22909 [00:06<00:03, 2310.49it/s]Preprocessing /dtu/blackhole/11/155505/NST_dataset/dataset/train:  69%|██████▉   | 15873/22909 [00:06<00:03, 2308.84it/s]Preprocessing /dtu/blackhole/11/155505/NST_dataset/dataset/train:  70%|███████   | 16105/22909 [00:07<00:03, 2246.47it/s]Preprocessing /dtu/blackhole/11/155505/NST_dataset/dataset/train:  71%|███████▏  | 16341/22909 [00:07<00:02, 2278.70it/s]Preprocessing /dtu/blackhole/11/155505/NST_dataset/dataset/train:  72%|███████▏  | 16571/22909 [00:07<00:02, 2284.25it/s]Preprocessing /dtu/blackhole/11/155505/NST_dataset/dataset/train:  73%|███████▎  | 16800/22909 [00:07<00:02, 2234.16it/s]Preprocessing /dtu/blackhole/11/155505/NST_dataset/dataset/train:  74%|███████▍  | 17024/22909 [00:07<00:02, 2226.14it/s]Preprocessing /dtu/blackhole/11/155505/NST_dataset/dataset/train:  75%|███████▌  | 17266/22909 [00:07<00:02, 2281.29it/s]Preprocessing /dtu/blackhole/11/155505/NST_dataset/dataset/train:  76%|███████▋  | 17495/22909 [00:07<00:02, 2268.62it/s]Preprocessing /dtu/blackhole/11/155505/NST_dataset/dataset/train:  77%|███████▋  | 17723/22909 [00:07<00:02, 2238.09it/s]Preprocessing /dtu/blackhole/11/155505/NST_dataset/dataset/train:  78%|███████▊  | 17948/22909 [00:07<00:02, 2215.28it/s]Preprocessing /dtu/blackhole/11/155505/NST_dataset/dataset/train:  79%|███████▉  | 18170/22909 [00:07<00:02, 2164.16it/s]Preprocessing /dtu/blackhole/11/155505/NST_dataset/dataset/train:  80%|████████  | 18399/22909 [00:08<00:02, 2199.96it/s]Preprocessing /dtu/blackhole/11/155505/NST_dataset/dataset/train:  81%|████████▏ | 18637/22909 [00:08<00:01, 2250.82it/s]Preprocessing /dtu/blackhole/11/155505/NST_dataset/dataset/train:  82%|████████▏ | 18865/22909 [00:08<00:01, 2258.69it/s]Preprocessing /dtu/blackhole/11/155505/NST_dataset/dataset/train:  83%|████████▎ | 19103/22909 [00:08<00:01, 2292.88it/s]Preprocessing /dtu/blackhole/11/155505/NST_dataset/dataset/train:  84%|████████▍ | 19333/22909 [00:08<00:01, 2249.79it/s]Preprocessing /dtu/blackhole/11/155505/NST_dataset/dataset/train:  85%|████████▌ | 19559/22909 [00:08<00:01, 2249.65it/s]Preprocessing /dtu/blackhole/11/155505/NST_dataset/dataset/train:  86%|████████▋ | 19791/22909 [00:08<00:01, 2269.72it/s]Preprocessing /dtu/blackhole/11/155505/NST_dataset/dataset/train:  87%|████████▋ | 20020/22909 [00:08<00:01, 2275.13it/s]Preprocessing /dtu/blackhole/11/155505/NST_dataset/dataset/train:  88%|████████▊ | 20249/22909 [00:08<00:01, 2276.11it/s]Preprocessing /dtu/blackhole/11/155505/NST_dataset/dataset/train:  89%|████████▉ | 20478/22909 [00:08<00:01, 2277.99it/s]Preprocessing /dtu/blackhole/11/155505/NST_dataset/dataset/train:  90%|█████████ | 20708/22909 [00:09<00:00, 2281.69it/s]Preprocessing /dtu/blackhole/11/155505/NST_dataset/dataset/train:  91%|█████████▏| 20945/22909 [00:09<00:00, 2306.01it/s]Preprocessing /dtu/blackhole/11/155505/NST_dataset/dataset/train:  92%|█████████▏| 21180/22909 [00:09<00:00, 2317.61it/s]Preprocessing /dtu/blackhole/11/155505/NST_dataset/dataset/train:  93%|█████████▎| 21412/22909 [00:09<00:00, 2310.05it/s]Preprocessing /dtu/blackhole/11/155505/NST_dataset/dataset/train:  94%|█████████▍| 21644/22909 [00:09<00:00, 2273.55it/s]Preprocessing /dtu/blackhole/11/155505/NST_dataset/dataset/train:  95%|█████████▌| 21872/22909 [00:09<00:00, 2224.32it/s]Preprocessing /dtu/blackhole/11/155505/NST_dataset/dataset/train:  96%|█████████▋| 22095/22909 [00:09<00:00, 2214.61it/s]Preprocessing /dtu/blackhole/11/155505/NST_dataset/dataset/train:  97%|█████████▋| 22331/22909 [00:09<00:00, 2255.72it/s]Preprocessing /dtu/blackhole/11/155505/NST_dataset/dataset/train:  99%|█████████▊| 22567/22909 [00:09<00:00, 2284.84it/s]Preprocessing /dtu/blackhole/11/155505/NST_dataset/dataset/train: 100%|█████████▉| 22796/22909 [00:10<00:00, 2284.47it/s]Preprocessing /dtu/blackhole/11/155505/NST_dataset/dataset/train: 100%|██████████| 22909/22909 [00:10<00:00, 2278.50it/s]
LOCAL_RANK: 0 - CUDA_VISIBLE_DEVICES: [0]

  | Name                  | Type                 | Params
---------------------------------------------------------------
0 | diffusion_embedding   | DiffusionEmbedding   | 328 K 
1 | spectrogram_upsampler | SpectrogramUpsampler | 194   
2 | residual_layers       | ModuleList           | 2.3 M 
3 | input_projection      | Conv1d               | 128   
4 | skip_projection       | Conv1d               | 4.2 K 
5 | output_projection     | Conv1d               | 65    
6 | loss_fn               | L1Loss               | 0     
---------------------------------------------------------------
2.6 M     Trainable params
0         Non-trainable params
2.6 M     Total params
10.480    Total estimated model params size (MB)
Traceback (most recent call last):
  File "/zhome/56/e/155505/Desktop/DeepLearningProject/diffwave/lib/python3.10/site-packages/pytorch_lightning/trainer/call.py", line 38, in _call_and_handle_interrupt
    return trainer_fn(*args, **kwargs)
  File "/zhome/56/e/155505/Desktop/DeepLearningProject/diffwave/lib/python3.10/site-packages/pytorch_lightning/trainer/trainer.py", line 645, in _fit_impl
    self._run(model, ckpt_path=self.ckpt_path)
  File "/zhome/56/e/155505/Desktop/DeepLearningProject/diffwave/lib/python3.10/site-packages/pytorch_lightning/trainer/trainer.py", line 1098, in _run
    results = self._run_stage()
  File "/zhome/56/e/155505/Desktop/DeepLearningProject/diffwave/lib/python3.10/site-packages/pytorch_lightning/trainer/trainer.py", line 1177, in _run_stage
    self._run_train()
  File "/zhome/56/e/155505/Desktop/DeepLearningProject/diffwave/lib/python3.10/site-packages/pytorch_lightning/trainer/trainer.py", line 1200, in _run_train
    self.fit_loop.run()
  File "/zhome/56/e/155505/Desktop/DeepLearningProject/diffwave/lib/python3.10/site-packages/pytorch_lightning/loops/loop.py", line 199, in run
    self.advance(*args, **kwargs)
  File "/zhome/56/e/155505/Desktop/DeepLearningProject/diffwave/lib/python3.10/site-packages/pytorch_lightning/loops/fit_loop.py", line 267, in advance
    self._outputs = self.epoch_loop.run(self._data_fetcher)
  File "/zhome/56/e/155505/Desktop/DeepLearningProject/diffwave/lib/python3.10/site-packages/pytorch_lightning/loops/loop.py", line 199, in run
    self.advance(*args, **kwargs)
  File "/zhome/56/e/155505/Desktop/DeepLearningProject/diffwave/lib/python3.10/site-packages/pytorch_lightning/loops/epoch/training_epoch_loop.py", line 242, in advance
    self.trainer._logger_connector.update_train_step_metrics()
  File "/zhome/56/e/155505/Desktop/DeepLearningProject/diffwave/lib/python3.10/site-packages/pytorch_lightning/trainer/connectors/logger_connector/logger_connector.py", line 144, in update_train_step_metrics
    self.log_metrics(self.metrics["log"])
  File "/zhome/56/e/155505/Desktop/DeepLearningProject/diffwave/lib/python3.10/site-packages/pytorch_lightning/trainer/connectors/logger_connector/logger_connector.py", line 95, in log_metrics
    logger.log_metrics(metrics=scalar_metrics, step=step)
  File "/zhome/56/e/155505/Desktop/DeepLearningProject/diffwave/lib/python3.10/site-packages/lightning_utilities/core/rank_zero.py", line 24, in wrapped_fn
    return fn(*args, **kwargs)
  File "/zhome/56/e/155505/Desktop/DeepLearningProject/diffwave/lib/python3.10/site-packages/pytorch_lightning/loggers/csv_logs.py", line 202, in log_metrics
    self.save()
  File "/zhome/56/e/155505/Desktop/DeepLearningProject/diffwave/lib/python3.10/site-packages/lightning_utilities/core/rank_zero.py", line 24, in wrapped_fn
    return fn(*args, **kwargs)
  File "/zhome/56/e/155505/Desktop/DeepLearningProject/diffwave/lib/python3.10/site-packages/pytorch_lightning/loggers/csv_logs.py", line 207, in save
    self.experiment.save()
  File "/zhome/56/e/155505/Desktop/DeepLearningProject/diffwave/lib/python3.10/site-packages/pytorch_lightning/loggers/csv_logs.py", line 87, in save
    save_hparams_to_yaml(hparams_file, self.hparams)
  File "/zhome/56/e/155505/Desktop/DeepLearningProject/diffwave/lib/python3.10/site-packages/pytorch_lightning/core/saving.py", line 379, in save_hparams_to_yaml
    raise RuntimeError(f"Missing folder: {os.path.dirname(config_yaml)}.")
RuntimeError: Missing folder: experiments/from_bottom_v4_42/log/version_0.

During handling of the above exception, another exception occurred:

Traceback (most recent call last):
  File "/zhome/56/e/155505/Desktop/DeepLearningProject/experiment_main.py", line 99, in <module>
    save_dir = os.path.join(params.project_dir_root, 'experiments', f'{exp_name}_{global_seed}')
  File "/zhome/56/e/155505/Desktop/DeepLearningProject/experiment_main.py", line 96, in main
    
  File "/zhome/56/e/155505/Desktop/DeepLearningProject/experiment_helpers.py", line 105, in fit_model
    track_grad_norm=2,
  File "/zhome/56/e/155505/Desktop/DeepLearningProject/diffwave/lib/python3.10/site-packages/pytorch_lightning/trainer/trainer.py", line 603, in fit
    call._call_and_handle_interrupt(
  File "/zhome/56/e/155505/Desktop/DeepLearningProject/diffwave/lib/python3.10/site-packages/pytorch_lightning/trainer/call.py", line 62, in _call_and_handle_interrupt
    logger.finalize("failed")
  File "/zhome/56/e/155505/Desktop/DeepLearningProject/diffwave/lib/python3.10/site-packages/lightning_utilities/core/rank_zero.py", line 24, in wrapped_fn
    return fn(*args, **kwargs)
  File "/zhome/56/e/155505/Desktop/DeepLearningProject/diffwave/lib/python3.10/site-packages/pytorch_lightning/loggers/csv_logs.py", line 215, in finalize
    self.save()
  File "/zhome/56/e/155505/Desktop/DeepLearningProject/diffwave/lib/python3.10/site-packages/lightning_utilities/core/rank_zero.py", line 24, in wrapped_fn
    return fn(*args, **kwargs)
  File "/zhome/56/e/155505/Desktop/DeepLearningProject/diffwave/lib/python3.10/site-packages/pytorch_lightning/loggers/csv_logs.py", line 207, in save
    self.experiment.save()
  File "/zhome/56/e/155505/Desktop/DeepLearningProject/diffwave/lib/python3.10/site-packages/pytorch_lightning/loggers/csv_logs.py", line 87, in save
    save_hparams_to_yaml(hparams_file, self.hparams)
  File "/zhome/56/e/155505/Desktop/DeepLearningProject/diffwave/lib/python3.10/site-packages/pytorch_lightning/core/saving.py", line 379, in save_hparams_to_yaml
    raise RuntimeError(f"Missing folder: {os.path.dirname(config_yaml)}.")
RuntimeError: Missing folder: experiments/from_bottom_v4_42/log/version_0.
